p/1611533525133.jpg 1 0 0 1920 1080
p/WIN_20210124_21_09_19_Pro.jpg 1 0 0 1920 1080
p/1611533525132.jpg 1 0 0 1920 1080
p/1611533525131.jpg 1 0 0 1920 1080
p/WIN_20210124_21_09_18_Pro.jpg 1 0 0 1920 1080
p/1611533525130.jpg 1 0 0 1920 1080
p/WIN_20210124_21_09_17_Pro.jpg 1 0 0 1920 1080
p/1611533525129.jpg 1 0 0 1920 1080
p/1611533525128.jpg 1 0 0 1920 1080
p/WIN_20210124_21_09_14_Pro.jpg 1 0 0 1920 1080
p/1611533525127.jpg 1 0 0 1920 1080
p/WIN_20210124_21_09_13_Pro.jpg 1 0 0 1920 1080
p/1611533525126.jpg 1 0 0 1920 1080
p/1611533525125.jpg 1 0 0 1920 1080
p/WIN_20210124_21_09_10_Pro.jpg 1 0 0 1920 1080
p/1611533525124.jpg 1 0 0 1920 1080
p/WIN_20210124_21_09_09_Pro.jpg 1 0 0 1920 1080
p/1611533525123.jpg 1 0 0 1920 1080
p/1611533525122.jpg 1 0 0 1920 1080
p/WIN_20210124_21_09_08_Pro.jpg 1 0 0 1920 1080
p/1611533525121.jpg 1 0 0 1920 1080
p/1611533525120.jpg 1 0 0 1920 1080
p/1611533525119.jpg 1 0 0 1920 1080
p/WIN_20210124_21_09_07_Pro.jpg 1 0 0 1920 1080
p/WIN_20210124_21_09_04_Pro.jpg 1 0 0 1920 1080
p/1611533525118.jpg 1 0 0 1920 1080
p/1611533525117.jpg 1 0 0 1920 1080
p/WIN_20210124_21_09_03_Pro.jpg 1 0 0 1920 1080
p/1611533525116.jpg 1 0 0 1920 1080
p/WIN_20210124_21_09_02_Pro.jpg 1 0 0 1920 1080
p/1611533525115.jpg 1 0 0 1920 1080
p/1611533525114.jpg 1 0 0 1920 1080
p/WIN_20210124_21_09_01_Pro.jpg 1 0 0 1920 1080
p/WIN_20210124_21_09_00_Pro.jpg 1 0 0 1920 1080
p/WIN_20210124_21_08_57_Pro.jpg 1 0 0 1920 1080
p/1611533525113.jpg 1 0 0 1920 1080
p/WIN_20210124_21_08_56_Pro.jpg 1 0 0 1920 1080
p/1611533525112.jpg 1 0 0 1920 1080
p/WIN_20210124_21_08_55_Pro.jpg 1 0 0 1920 1080
p/WIN_20210124_21_08_52_Pro.jpg 1 0 0 1920 1080
p/1611533525111.jpg 1 0 0 1920 1080
p/1611533525110.jpg 1 0 0 1920 1080
p/WIN_20210124_21_08_51_Pro.jpg 1 0 0 1920 1080
p/1611533525109.jpg 1 0 0 1920 1080
p/WIN_20210124_21_08_50_Pro.jpg 1 0 0 1920 1080
p/1611533525108.jpg 1 0 0 1920 1080
p/1611533525107.jpg 1 0 0 1920 1080
p/WIN_20210124_21_08_49_Pro.jpg 1 0 0 1920 1080
p/1611533525106.jpg 1 0 0 1920 1080
p/WIN_20210124_21_08_48_Pro.jpg 1 0 0 1920 1080
p/WIN_20210124_20_40_35_Pro.jpg 1 0 0 640 360
p/WIN_20210124_20_40_32_Pro.jpg 1 0 0 640 360
p/WIN_20210124_20_40_30_Pro.jpg 1 0 0 640 360
p/WIN_20210124_20_40_29_Pro.jpg 1 0 0 640 360
p/WIN_20210124_20_40_27_Pro.jpg 1 0 0 640 360
p/WIN_20210124_20_40_26_Pro.jpg 1 0 0 640 360
p/WIN_20210124_20_40_24_Pro.jpg 1 0 0 640 360
p/WIN_20210124_20_40_22_Pro.jpg 1 0 0 640 360
p/WIN_20210124_20_40_20_Pro.jpg 1 0 0 640 360
p/WIN_20210124_20_40_17_Pro.jpg 1 0 0 640 360
p/WIN_20210124_20_40_16_Pro.jpg 1 0 0 640 360
p/WIN_20210124_20_40_11_Pro.jpg 1 0 0 640 360